<?xml version="1.0" encoding="UTF-8"?>
<!-- Generated by org.testng.reporters.JUnitXMLReporter -->
<testsuite hostname="WIN-FNF9AQIK9ER" ignored="0" name="Command line test" tests="26" failures="0" timestamp="17 мая 2022 18:27:09 GMT" time="17.91" errors="0">
  <testcase name="checkRegister" time="0.895" classname="api.tests.MockTest"/>
  <testcase name="checkUnSuccessRegister" time="0.025" classname="api.tests.MockTest"/>
  <testcase name="deleteUserTest" time="0.013" classname="api.tests.MockTest"/>
  <testcase name="checkNullRegistration" time="1.622" classname="api.tests.ReqresDataFromFileTest"/>
  <testcase name="checkRegistration" time="0.586" classname="api.tests.ReqresDataFromFileTest"/>
  <testcase name="createUser" time="0.567" classname="api.tests.ReqresDataFromFileTest"/>
  <testcase name="loginWithProperlyData" time="0.465" classname="api.tests.ReqresDataFromFileTest"/>
  <testcase name="loginWithWrongData" time="0.516" classname="api.tests.ReqresDataFromFileTest"/>
  <testcase name="checkAvatars" time="0.91" classname="api.tests.ReqresDtoFreeTest"/>
  <testcase name="successRegistration" time="0.554" classname="api.tests.ReqresDtoFreeTest"/>
  <testcase name="unSuccessRegistration" time="0.577" classname="api.tests.ReqresDtoFreeTest"/>
  <testcase name="checkAvatarAndId" time="0.538" classname="api.tests.ReqresTest"/>
  <testcase name="checkListResources" time="0.453" classname="api.tests.ReqresTest"/>
  <testcase name="checkNullRegistration" time="0.438" classname="api.tests.ReqresTest"/>
  <testcase name="checkRegistration" time="0.487" classname="api.tests.ReqresTest"/>
  <testcase name="checkResourcesList" time="0.455" classname="api.tests.ReqresTest"/>
  <testcase name="createUser" time="0.548" classname="api.tests.ReqresTest"/>
  <testcase name="deleteUserTest" time="0.543" classname="api.tests.ReqresTest"/>
  <testcase name="getDelayedResponse" time="3.508" classname="api.tests.ReqresTest"/>
  <testcase name="getSingleResource" time="0.405" classname="api.tests.ReqresTest"/>
  <testcase name="getSingleUser" time="0.433" classname="api.tests.ReqresTest"/>
  <testcase name="getSingleUserNotFound" time="0.599" classname="api.tests.ReqresTest"/>
  <testcase name="getUserUpdateTime" time="0.529" classname="api.tests.ReqresTest"/>
  <testcase name="loginWithProperlyData" time="0.492" classname="api.tests.ReqresTest"/>
  <testcase name="loginWithWrongData" time="0.507" classname="api.tests.ReqresTest"/>
  <testcase name="singleResourceNotFound" time="0.628" classname="api.tests.ReqresTest"/>
</testsuite> <!-- Command line test -->
