<?xml version="1.0" encoding="UTF-8" ?>
<testsuite tests="26" failures="0" name="TestSuite" time="17.293" errors="0" skipped="0">
  <properties>
[...]
</properties>
  <testcase classname="api.tests.MockTest" name="checkRegister" time="0.896"/>
  <testcase classname="api.tests.MockTest" name="checkUnSuccessRegister" time="0.024"/>
  <testcase classname="api.tests.MockTest" name="deleteUserTest" time="0.013"/>
  <testcase classname="api.tests.ReqresDataFromFileTest" name="checkNullRegistration" time="1.621"/>
  <testcase classname="api.tests.ReqresDataFromFileTest" name="checkRegistration" time="0.587"/>
  <testcase classname="api.tests.ReqresDataFromFileTest" name="createUser" time="0.566"/>
  <testcase classname="api.tests.ReqresDataFromFileTest" name="loginWithProperlyData" time="0.466"/>
  <testcase classname="api.tests.ReqresDataFromFileTest" name="loginWithWrongData" time="0.516"/>
  <testcase classname="api.tests.ReqresDtoFreeTest" name="checkAvatars" time="0.91"/>
  <testcase classname="api.tests.ReqresDtoFreeTest" name="successRegistration" time="0.554"/>
  <testcase classname="api.tests.ReqresDtoFreeTest" name="unSuccessRegistration" time="0.577"/>
  <testcase classname="api.tests.ReqresTest" name="checkAvatarAndId" time="0.538"/>
  <testcase classname="api.tests.ReqresTest" name="checkListResources" time="0.452"/>
  <testcase classname="api.tests.ReqresTest" name="checkNullRegistration" time="0.438"/>
  <testcase classname="api.tests.ReqresTest" name="checkRegistration" time="0.487"/>
  <testcase classname="api.tests.ReqresTest" name="checkResourcesList" time="0.455"/>
  <testcase classname="api.tests.ReqresTest" name="createUser" time="0.548"/>
  <testcase classname="api.tests.ReqresTest" name="deleteUserTest" time="0.545"/>
  <testcase classname="api.tests.ReqresTest" name="getDelayedResponse" time="3.512"/>
  <testcase classname="api.tests.ReqresTest" name="getSingleResource" time="0.399"/>
  <testcase classname="api.tests.ReqresTest" name="getSingleUser" time="0.434"/>
  <testcase classname="api.tests.ReqresTest" name="getSingleUserNotFound" time="0.6"/>
  <testcase classname="api.tests.ReqresTest" name="getUserUpdateTime" time="0.528"/>
  <testcase classname="api.tests.ReqresTest" name="loginWithProperlyData" time="0.492"/>
  <testcase classname="api.tests.ReqresTest" name="loginWithWrongData" time="0.507"/>
  <testcase classname="api.tests.ReqresTest" name="singleResourceNotFound" time="0.628"/>
</testsuite>